[LOG - 7.58051266s] Creating mail
                                                                                                                                                                                                                                              [LOG - 21.771975904s] Creating mail
[LOG - 14.9491044s] Creating mail
[LOG - 25.5243454s] Username: DevotedAmberHamster
[LOG - 25.5249458s] Password: 8517d744dba1213453edb2cc85b1a8b9
[LOG - 25.5253945s] E-mail: hexifat752@royins.com
[LOG - 29.3899737s] Create discord account
[LOG - 29.4023468s] Done
[LOG - 15.2305777s] Creating mail
[LOG - 33.490459s] Username: ResonantSilverKingfisher
[LOG - 33.4908923s] Password: 7c2f3a64df55eb907b5c14c9dbee13e4
[LOG - 33.4913155s] E-mail: fayeho7143@whwow.com
[LOG - 46.4555144s] Create discord account
[LOG - 46.4667669s] Done
[LOG - 13.5122649s] Creating mail
[LOG - 26.1581325s] Username: DemocraticBronzeSquid
[LOG - 26.1586768s] Password: 153948dafe17591c03a743a1dfc91017
[LOG - 26.1595315s] E-mail: johep51953@nuesond.com
[LOG - 30.0658482s] Create discord account
[LOG - 30.0762865s] Done
